{"/Users/sikanderali/NHS/Common Components/cookie-consent/tests/integration-tests/util.js": {"path":"/Users/sikanderali/NHS/Common Components/cookie-consent/tests/integration-tests/util.js","statementMap":{"0":{"start":{"line":8,"column":2},"end":{"line":8,"column":43}},"1":{"start":{"line":9,"column":2},"end":{"line":9,"column":57}}},"fnMap":{"0":{"name":"clearAllCookies","decl":{"start":{"line":4,"column":22},"end":{"line":4,"column":37}},"loc":{"start":{"line":4,"column":40},"end":{"line":10,"column":1}},"line":4}},"branchMap":{},"s":{"0":21,"1":21},"f":{"0":21},"b":{},"_coverageSchema":"1a1c01bbd47fc00a2c39e90264f33305004495a9","hash":"f6deee8cf4ed3840e0a4c5ec1f842801e63d4f3a"}
}
