<?xml version="1.0" encoding="UTF-8"?>
<coverage generated="1702565514271" clover="3.2.0">
  <project timestamp="1702565514271" name="All files">
    <metrics statements="186" coveredstatements="147" conditionals="75" coveredconditionals="66" methods="53" coveredmethods="39" elements="314" coveredelements="252" complexity="0" loc="186" ncloc="186" packages="1" files="6" classes="6"/>
    <file name="banner.js" path="/Users/sikanderali/NHS/Common Components/cookie-consent/src/banner.js">
      <metrics statements="26" coveredstatements="0" conditionals="0" coveredconditionals="0" methods="9" coveredmethods="0"/>
      <line num="5" count="0" type="stmt"/>
      <line num="9" count="0" type="stmt"/>
      <line num="13" count="0" type="stmt"/>
      <line num="14" count="0" type="stmt"/>
      <line num="15" count="0" type="stmt"/>
      <line num="19" count="0" type="stmt"/>
      <line num="20" count="0" type="stmt"/>
      <line num="21" count="0" type="stmt"/>
      <line num="30" count="0" type="stmt"/>
      <line num="31" count="0" type="stmt"/>
      <line num="32" count="0" type="stmt"/>
      <line num="33" count="0" type="stmt"/>
      <line num="34" count="0" type="stmt"/>
      <line num="45" count="0" type="stmt"/>
      <line num="46" count="0" type="stmt"/>
      <line num="47" count="0" type="stmt"/>
      <line num="48" count="0" type="stmt"/>
      <line num="49" count="0" type="stmt"/>
      <line num="51" count="0" type="stmt"/>
      <line num="52" count="0" type="stmt"/>
      <line num="53" count="0" type="stmt"/>
      <line num="54" count="0" type="stmt"/>
      <line num="57" count="0" type="stmt"/>
      <line num="58" count="0" type="stmt"/>
      <line num="59" count="0" type="stmt"/>
      <line num="60" count="0" type="stmt"/>
    </file>
    <file name="cookieconsent.js" path="/Users/sikanderali/NHS/Common Components/cookie-consent/src/cookieconsent.js">
      <metrics statements="63" coveredstatements="54" conditionals="35" coveredconditionals="29" methods="15" coveredmethods="12"/>
      <line num="11" count="2" type="stmt"/>
      <line num="12" count="2" type="stmt"/>
      <line num="19" count="2" type="stmt"/>
      <line num="30" count="2" type="stmt"/>
      <line num="34" count="2" type="stmt"/>
      <line num="47" count="61" type="stmt"/>
      <line num="48" count="61" type="stmt"/>
      <line num="56" count="12" type="stmt"/>
      <line num="57" count="12" type="stmt"/>
      <line num="64" count="48" type="stmt"/>
      <line num="65" count="48" type="cond" truecount="2" falsecount="0"/>
      <line num="66" count="7" type="stmt"/>
      <line num="68" count="41" type="stmt"/>
      <line num="69" count="41" type="stmt"/>
      <line num="84" count="14" type="stmt"/>
      <line num="88" count="14" type="cond" truecount="2" falsecount="0"/>
      <line num="90" count="9" type="stmt"/>
      <line num="91" count="5" type="cond" truecount="2" falsecount="2"/>
      <line num="92" count="5" type="stmt"/>
      <line num="95" count="0" type="stmt"/>
      <line num="98" count="14" type="stmt"/>
      <line num="100" count="14" type="stmt"/>
      <line num="108" count="14" type="stmt"/>
      <line num="116" count="16" type="stmt"/>
      <line num="117" count="16" type="cond" truecount="2" falsecount="0"/>
      <line num="127" count="15" type="stmt"/>
      <line num="128" count="15" type="cond" truecount="2" falsecount="0"/>
      <line num="132" count="36" type="stmt"/>
      <line num="134" count="36" type="stmt"/>
      <line num="138" count="10" type="cond" truecount="2" falsecount="0"/>
      <line num="139" count="5" type="stmt"/>
      <line num="142" count="10" type="stmt"/>
      <line num="146" count="8" type="stmt"/>
      <line num="148" count="24" type="stmt"/>
      <line num="150" count="8" type="stmt"/>
      <line num="151" count="8" type="stmt"/>
      <line num="156" count="0" type="stmt"/>
      <line num="164" count="0" type="stmt"/>
      <line num="168" count="0" type="stmt"/>
      <line num="176" count="0" type="cond" truecount="0" falsecount="2"/>
      <line num="177" count="0" type="stmt"/>
      <line num="178" count="0" type="stmt"/>
      <line num="182" count="0" type="stmt"/>
      <line num="192" count="14" type="cond" truecount="1" falsecount="1"/>
      <line num="193" count="0" type="stmt"/>
      <line num="197" count="14" type="cond" truecount="2" falsecount="0"/>
      <line num="198" count="2" type="stmt"/>
      <line num="202" count="12" type="cond" truecount="2" falsecount="0"/>
      <line num="203" count="3" type="stmt"/>
      <line num="207" count="9" type="cond" truecount="2" falsecount="0"/>
      <line num="208" count="5" type="stmt"/>
      <line num="213" count="4" type="cond" truecount="2" falsecount="0"/>
      <line num="214" count="3" type="stmt"/>
      <line num="217" count="1" type="stmt"/>
      <line num="227" count="8" type="cond" truecount="1" falsecount="1"/>
      <line num="228" count="8" type="cond" truecount="2" falsecount="0"/>
      <line num="230" count="2" type="stmt"/>
      <line num="239" count="6" type="stmt"/>
      <line num="244" count="8" type="cond" truecount="2" falsecount="0"/>
      <line num="245" count="1" type="stmt"/>
      <line num="249" count="8" type="cond" truecount="2" falsecount="0"/>
      <line num="250" count="6" type="stmt"/>
      <line num="253" count="8" type="stmt"/>
    </file>
    <file name="cookies.js" path="/Users/sikanderali/NHS/Common Components/cookie-consent/src/cookies.js">
      <metrics statements="42" coveredstatements="40" conditionals="20" coveredconditionals="17" methods="13" coveredmethods="13"/>
      <line num="7" count="25" type="cond" truecount="2" falsecount="0"/>
      <line num="8" count="19" type="stmt"/>
      <line num="9" count="19" type="stmt"/>
      <line num="10" count="19" type="stmt"/>
      <line num="12" count="6" type="stmt"/>
      <line num="16" count="25" type="stmt"/>
      <line num="18" count="25" type="cond" truecount="2" falsecount="0"/>
      <line num="19" count="19" type="stmt"/>
      <line num="22" count="25" type="cond" truecount="2" falsecount="0"/>
      <line num="23" count="23" type="stmt"/>
      <line num="28" count="25" type="cond" truecount="3" falsecount="1"/>
      <line num="29" count="0" type="stmt"/>
      <line num="32" count="25" type="cond" truecount="1" falsecount="1"/>
      <line num="33" count="0" type="stmt"/>
      <line num="36" count="25" type="stmt"/>
      <line num="39" count="25" type="stmt"/>
      <line num="47" count="70" type="cond" truecount="2" falsecount="0"/>
      <line num="48" count="70" type="stmt"/>
      <line num="49" count="74" type="stmt"/>
      <line num="50" count="65" type="stmt"/>
      <line num="53" count="70" type="stmt"/>
      <line num="54" count="65" type="stmt"/>
      <line num="55" count="65" type="stmt"/>
      <line num="56" count="65" type="stmt"/>
      <line num="57" count="65" type="stmt"/>
      <line num="60" count="70" type="cond" truecount="1" falsecount="1"/>
      <line num="67" count="64" type="stmt"/>
      <line num="68" count="64" type="cond" truecount="2" falsecount="0"/>
      <line num="75" count="6" type="stmt"/>
      <line num="76" count="6" type="stmt"/>
      <line num="78" count="7" type="stmt"/>
      <line num="81" count="6" type="stmt"/>
      <line num="82" count="6" type="stmt"/>
      <line num="83" count="6" type="stmt"/>
      <line num="87" count="6" type="stmt"/>
      <line num="88" count="6" type="stmt"/>
      <line num="89" count="6" type="stmt"/>
      <line num="90" count="24" type="cond" truecount="2" falsecount="0"/>
      <line num="94" count="6" type="stmt"/>
      <line num="95" count="3" type="stmt"/>
      <line num="96" count="12" type="stmt"/>
      <line num="97" count="12" type="stmt"/>
    </file>
    <file name="enable.js" path="/Users/sikanderali/NHS/Common Components/cookie-consent/src/enable.js">
      <metrics statements="26" coveredstatements="26" conditionals="8" coveredconditionals="8" methods="5" coveredmethods="5"/>
      <line num="6" count="2" type="stmt"/>
      <line num="7" count="2" type="stmt"/>
      <line num="8" count="2" type="stmt"/>
      <line num="9" count="2" type="stmt"/>
      <line num="10" count="2" type="stmt"/>
      <line num="11" count="2" type="cond" truecount="2" falsecount="0"/>
      <line num="12" count="1" type="stmt"/>
      <line num="14" count="2" type="stmt"/>
      <line num="15" count="2" type="stmt"/>
      <line num="22" count="1" type="stmt"/>
      <line num="23" count="1" type="stmt"/>
      <line num="32" count="15" type="stmt"/>
      <line num="33" count="15" type="stmt"/>
      <line num="34" count="17" type="cond" truecount="2" falsecount="0"/>
      <line num="36" count="4" type="stmt"/>
      <line num="39" count="11" type="stmt"/>
      <line num="46" count="13" type="stmt"/>
      <line num="48" count="13" type="stmt"/>
      <line num="49" count="8" type="stmt"/>
      <line num="50" count="8" type="cond" truecount="2" falsecount="0"/>
      <line num="51" count="6" type="stmt"/>
      <line num="60" count="12" type="stmt"/>
      <line num="62" count="12" type="stmt"/>
      <line num="63" count="7" type="stmt"/>
      <line num="64" count="7" type="cond" truecount="2" falsecount="0"/>
      <line num="65" count="5" type="stmt"/>
    </file>
    <file name="main.js" path="/Users/sikanderali/NHS/Common Components/cookie-consent/src/main.js">
      <metrics statements="10" coveredstatements="8" conditionals="0" coveredconditionals="0" methods="8" coveredmethods="6"/>
      <line num="7" count="2" type="stmt"/>
      <line num="11" count="2" type="stmt"/>
      <line num="15" count="2" type="stmt"/>
      <line num="19" count="0" type="stmt"/>
      <line num="23" count="2" type="stmt"/>
      <line num="27" count="2" type="stmt"/>
      <line num="31" count="2" type="stmt"/>
      <line num="35" count="0" type="stmt"/>
      <line num="43" count="1" type="stmt"/>
      <line num="61" count="1" type="stmt"/>
    </file>
    <file name="settings.js" path="/Users/sikanderali/NHS/Common Components/cookie-consent/src/settings.js">
      <metrics statements="19" coveredstatements="19" conditionals="12" coveredconditionals="12" methods="3" coveredmethods="3"/>
      <line num="3" count="3" type="stmt"/>
      <line num="7" count="16" type="stmt"/>
      <line num="8" count="16" type="cond" truecount="2" falsecount="0"/>
      <line num="9" count="2" type="stmt"/>
      <line num="12" count="16" type="cond" truecount="2" falsecount="0"/>
      <line num="13" count="12" type="stmt"/>
      <line num="16" count="4" type="cond" truecount="2" falsecount="0"/>
      <line num="17" count="2" type="stmt"/>
      <line num="20" count="4" type="stmt"/>
      <line num="29" count="19" type="stmt"/>
      <line num="30" count="19" type="stmt"/>
      <line num="31" count="19" type="stmt"/>
      <line num="36" count="18" type="stmt"/>
      <line num="37" count="18" type="cond" truecount="2" falsecount="0"/>
      <line num="38" count="15" type="stmt"/>
      <line num="41" count="3" type="stmt"/>
      <line num="44" count="3" type="cond" truecount="4" falsecount="0"/>
      <line num="45" count="2" type="stmt"/>
      <line num="48" count="1" type="stmt"/>
    </file>
  </project>
</coverage>
