{"/Users/sikanderali/NHS/Common Components/cookie-consent/src/banner.js": {"path":"/Users/sikanderali/NHS/Common Components/cookie-consent/src/banner.js","statementMap":{"0":{"start":{"line":5,"column":2},"end":{"line":5,"column":65}},"1":{"start":{"line":9,"column":2},"end":{"line":9,"column":86}},"2":{"start":{"line":13,"column":36},"end":{"line":13,"column":92}},"3":{"start":{"line":14,"column":2},"end":{"line":14,"column":59}},"4":{"start":{"line":15,"column":2},"end":{"line":15,"column":36}},"5":{"start":{"line":19,"column":36},"end":{"line":19,"column":92}},"6":{"start":{"line":20,"column":2},"end":{"line":22,"column":5}},"7":{"start":{"line":21,"column":4},"end":{"line":21,"column":58}},"8":{"start":{"line":30,"column":2},"end":{"line":30,"column":21}},"9":{"start":{"line":31,"column":2},"end":{"line":31,"column":20}},"10":{"start":{"line":32,"column":2},"end":{"line":32,"column":27}},"11":{"start":{"line":33,"column":2},"end":{"line":33,"column":31}},"12":{"start":{"line":34,"column":2},"end":{"line":34,"column":34}},"13":{"start":{"line":45,"column":14},"end":{"line":45,"column":43}},"14":{"start":{"line":46,"column":2},"end":{"line":46,"column":29}},"15":{"start":{"line":47,"column":2},"end":{"line":47,"column":60}},"16":{"start":{"line":48,"column":2},"end":{"line":48,"column":60}},"17":{"start":{"line":49,"column":2},"end":{"line":49,"column":24}},"18":{"start":{"line":51,"column":2},"end":{"line":55,"column":5}},"19":{"start":{"line":52,"column":4},"end":{"line":52,"column":23}},"20":{"start":{"line":53,"column":4},"end":{"line":53,"column":30}},"21":{"start":{"line":54,"column":4},"end":{"line":54,"column":30}},"22":{"start":{"line":57,"column":2},"end":{"line":61,"column":5}},"23":{"start":{"line":58,"column":4},"end":{"line":58,"column":23}},"24":{"start":{"line":59,"column":4},"end":{"line":59,"column":30}},"25":{"start":{"line":60,"column":4},"end":{"line":60,"column":39}}},"fnMap":{"0":{"name":"hideCookieBanner","decl":{"start":{"line":4,"column":9},"end":{"line":4,"column":25}},"loc":{"start":{"line":4,"column":28},"end":{"line":6,"column":1}},"line":4},"1":{"name":"showCookieConfirmation","decl":{"start":{"line":8,"column":9},"end":{"line":8,"column":31}},"loc":{"start":{"line":8,"column":34},"end":{"line":10,"column":1}},"line":8},"2":{"name":"addFocusCookieConfirmation","decl":{"start":{"line":12,"column":9},"end":{"line":12,"column":35}},"loc":{"start":{"line":12,"column":38},"end":{"line":16,"column":1}},"line":12},"3":{"name":"removeFocusCookieConfirmation","decl":{"start":{"line":18,"column":9},"end":{"line":18,"column":38}},"loc":{"start":{"line":18,"column":41},"end":{"line":23,"column":1}},"line":18},"4":{"name":"(anonymous_4)","decl":{"start":{"line":20,"column":53},"end":{"line":20,"column":54}},"loc":{"start":{"line":20,"column":59},"end":{"line":22,"column":3}},"line":20},"5":{"name":"handleLinkClick","decl":{"start":{"line":29,"column":9},"end":{"line":29,"column":24}},"loc":{"start":{"line":29,"column":42},"end":{"line":35,"column":1}},"line":29},"6":{"name":"insertCookieBanner","decl":{"start":{"line":43,"column":24},"end":{"line":43,"column":42}},"loc":{"start":{"line":43,"column":87},"end":{"line":62,"column":1}},"line":43},"7":{"name":"(anonymous_7)","decl":{"start":{"line":51,"column":88},"end":{"line":51,"column":89}},"loc":{"start":{"line":51,"column":95},"end":{"line":55,"column":3}},"line":51},"8":{"name":"(anonymous_8)","decl":{"start":{"line":57,"column":98},"end":{"line":57,"column":99}},"loc":{"start":{"line":57,"column":105},"end":{"line":61,"column":3}},"line":57}},"branchMap":{},"s":{"0":0,"1":0,"2":0,"3":0,"4":0,"5":0,"6":0,"7":0,"8":0,"9":0,"10":0,"11":0,"12":0,"13":0,"14":0,"15":0,"16":0,"17":0,"18":0,"19":0,"20":0,"21":0,"22":0,"23":0,"24":0,"25":0},"f":{"0":0,"1":0,"2":0,"3":0,"4":0,"5":0,"6":0,"7":0,"8":0},"b":{},"_coverageSchema":"1a1c01bbd47fc00a2c39e90264f33305004495a9","hash":"ddd782cd6dd470867ae710e1c8cf09f5b4d75d44"}
,"/Users/sikanderali/NHS/Common Components/cookie-consent/src/cookieconsent.js": {"path":"/Users/sikanderali/NHS/Common Components/cookie-consent/src/cookieconsent.js","statementMap":{"0":{"start":{"line":11,"column":30},"end":{"line":11,"column":31}},"1":{"start":{"line":12,"column":20},"end":{"line":12,"column":42}},"2":{"start":{"line":19,"column":20},"end":{"line":22,"column":1}},"3":{"start":{"line":30,"column":19},"end":{"line":30,"column":51}},"4":{"start":{"line":34,"column":23},"end":{"line":40,"column":1}},"5":{"start":{"line":47,"column":20},"end":{"line":47,"column":45}},"6":{"start":{"line":48,"column":2},"end":{"line":48,"column":31}},"7":{"start":{"line":56,"column":22},"end":{"line":56,"column":43}},"8":{"start":{"line":57,"column":2},"end":{"line":57,"column":79}},"9":{"start":{"line":64,"column":22},"end":{"line":64,"column":33}},"10":{"start":{"line":65,"column":2},"end":{"line":67,"column":3}},"11":{"start":{"line":66,"column":4},"end":{"line":66,"column":14}},"12":{"start":{"line":68,"column":2},"end":{"line":68,"column":29}},"13":{"start":{"line":69,"column":2},"end":{"line":69,"column":21}},"14":{"start":{"line":84,"column":15},"end":{"line":84,"column":18}},"15":{"start":{"line":88,"column":2},"end":{"line":96,"column":3}},"16":{"start":{"line":90,"column":4},"end":{"line":90,"column":14}},"17":{"start":{"line":91,"column":9},"end":{"line":96,"column":3}},"18":{"start":{"line":92,"column":4},"end":{"line":92,"column":16}},"19":{"start":{"line":95,"column":4},"end":{"line":95,"column":58}},"20":{"start":{"line":98,"column":26},"end":{"line":98,"column":38}},"21":{"start":{"line":100,"column":22},"end":{"line":106,"column":3}},"22":{"start":{"line":108,"column":2},"end":{"line":108,"column":40}},"23":{"start":{"line":116,"column":17},"end":{"line":116,"column":28}},"24":{"start":{"line":117,"column":2},"end":{"line":117,"column":49}},"25":{"start":{"line":127,"column":25},"end":{"line":127,"column":47}},"26":{"start":{"line":128,"column":2},"end":{"line":128,"column":75}},"27":{"start":{"line":132,"column":17},"end":{"line":132,"column":29}},"28":{"start":{"line":134,"column":2},"end":{"line":134,"column":23}},"29":{"start":{"line":138,"column":2},"end":{"line":140,"column":3}},"30":{"start":{"line":139,"column":4},"end":{"line":139,"column":20}},"31":{"start":{"line":142,"column":2},"end":{"line":142,"column":33}},"32":{"start":{"line":146,"column":24},"end":{"line":146,"column":66}},"33":{"start":{"line":148,"column":28},"end":{"line":148,"column":98}},"34":{"start":{"line":148,"column":61},"end":{"line":148,"column":97}},"35":{"start":{"line":150,"column":2},"end":{"line":150,"column":47}},"36":{"start":{"line":151,"column":2},"end":{"line":151,"column":47}},"37":{"start":{"line":156,"column":2},"end":{"line":159,"column":5}},"38":{"start":{"line":164,"column":2},"end":{"line":167,"column":5}},"39":{"start":{"line":168,"column":2},"end":{"line":168,"column":28}},"40":{"start":{"line":176,"column":2},"end":{"line":183,"column":3}},"41":{"start":{"line":177,"column":17},"end":{"line":177,"column":37}},"42":{"start":{"line":178,"column":4},"end":{"line":181,"column":6}},"43":{"start":{"line":182,"column":4},"end":{"line":182,"column":16}},"44":{"start":{"line":192,"column":2},"end":{"line":194,"column":3}},"45":{"start":{"line":193,"column":4},"end":{"line":193,"column":17}},"46":{"start":{"line":197,"column":2},"end":{"line":199,"column":3}},"47":{"start":{"line":198,"column":4},"end":{"line":198,"column":17}},"48":{"start":{"line":202,"column":2},"end":{"line":204,"column":3}},"49":{"start":{"line":203,"column":4},"end":{"line":203,"column":16}},"50":{"start":{"line":207,"column":2},"end":{"line":209,"column":3}},"51":{"start":{"line":208,"column":4},"end":{"line":208,"column":16}},"52":{"start":{"line":213,"column":2},"end":{"line":215,"column":3}},"53":{"start":{"line":214,"column":4},"end":{"line":214,"column":16}},"54":{"start":{"line":217,"column":2},"end":{"line":217,"column":15}},"55":{"start":{"line":227,"column":2},"end":{"line":241,"column":3}},"56":{"start":{"line":228,"column":4},"end":{"line":240,"column":5}},"57":{"start":{"line":230,"column":6},"end":{"line":237,"column":24}},"58":{"start":{"line":239,"column":6},"end":{"line":239,"column":79}},"59":{"start":{"line":244,"column":2},"end":{"line":246,"column":3}},"60":{"start":{"line":245,"column":4},"end":{"line":245,"column":20}},"61":{"start":{"line":249,"column":2},"end":{"line":251,"column":3}},"62":{"start":{"line":250,"column":4},"end":{"line":250,"column":52}},"63":{"start":{"line":253,"column":2},"end":{"line":253,"column":28}}},"fnMap":{"0":{"name":"getCookie","decl":{"start":{"line":46,"column":9},"end":{"line":46,"column":18}},"loc":{"start":{"line":46,"column":21},"end":{"line":49,"column":1}},"line":46},"1":{"name":"createCookie","decl":{"start":{"line":55,"column":9},"end":{"line":55,"column":21}},"loc":{"start":{"line":55,"column":57},"end":{"line":58,"column":1}},"line":55},"2":{"name":"getConsent","decl":{"start":{"line":63,"column":9},"end":{"line":63,"column":19}},"loc":{"start":{"line":63,"column":22},"end":{"line":70,"column":1}},"line":63},"3":{"name":"setConsent","decl":{"start":{"line":83,"column":9},"end":{"line":83,"column":19}},"loc":{"start":{"line":83,"column":54},"end":{"line":109,"column":1}},"line":83},"4":{"name":"getUserCookieVersion","decl":{"start":{"line":115,"column":9},"end":{"line":115,"column":29}},"loc":{"start":{"line":115,"column":32},"end":{"line":118,"column":1}},"line":115},"5":{"name":"isValidVersion","decl":{"start":{"line":126,"column":9},"end":{"line":126,"column":23}},"loc":{"start":{"line":126,"column":26},"end":{"line":129,"column":1}},"line":126},"6":{"name":"getConsentSetting","decl":{"start":{"line":131,"column":16},"end":{"line":131,"column":33}},"loc":{"start":{"line":131,"column":39},"end":{"line":135,"column":1}},"line":131},"7":{"name":"setConsentSetting","decl":{"start":{"line":137,"column":16},"end":{"line":137,"column":33}},"loc":{"start":{"line":137,"column":46},"end":{"line":143,"column":1}},"line":137},"8":{"name":"enableScriptsAndIframes","decl":{"start":{"line":145,"column":9},"end":{"line":145,"column":32}},"loc":{"start":{"line":145,"column":35},"end":{"line":152,"column":1}},"line":145},"9":{"name":"(anonymous_9)","decl":{"start":{"line":148,"column":49},"end":{"line":148,"column":50}},"loc":{"start":{"line":148,"column":61},"end":{"line":148,"column":97}},"line":148},"10":{"name":"acceptConsent","decl":{"start":{"line":155,"column":9},"end":{"line":155,"column":22}},"loc":{"start":{"line":155,"column":25},"end":{"line":160,"column":1}},"line":155},"11":{"name":"acceptAnalyticsConsent","decl":{"start":{"line":163,"column":9},"end":{"line":163,"column":31}},"loc":{"start":{"line":163,"column":34},"end":{"line":169,"column":1}},"line":163},"12":{"name":"hitLoggingUrl","decl":{"start":{"line":175,"column":16},"end":{"line":175,"column":29}},"loc":{"start":{"line":175,"column":37},"end":{"line":184,"column":1}},"line":175},"13":{"name":"shouldShowBanner","decl":{"start":{"line":190,"column":9},"end":{"line":190,"column":25}},"loc":{"start":{"line":190,"column":28},"end":{"line":218,"column":1}},"line":190},"14":{"name":"onload","decl":{"start":{"line":226,"column":16},"end":{"line":226,"column":22}},"loc":{"start":{"line":226,"column":25},"end":{"line":254,"column":1}},"line":226}},"branchMap":{"0":{"loc":{"start":{"line":65,"column":2},"end":{"line":67,"column":3}},"type":"if","locations":[{"start":{"line":65,"column":2},"end":{"line":67,"column":3}},{"start":{"line":65,"column":2},"end":{"line":67,"column":3}}],"line":65},"1":{"loc":{"start":{"line":83,"column":29},"end":{"line":83,"column":52}},"type":"default-arg","locations":[{"start":{"line":83,"column":36},"end":{"line":83,"column":52}}],"line":83},"2":{"loc":{"start":{"line":88,"column":2},"end":{"line":96,"column":3}},"type":"if","locations":[{"start":{"line":88,"column":2},"end":{"line":96,"column":3}},{"start":{"line":88,"column":2},"end":{"line":96,"column":3}}],"line":88},"3":{"loc":{"start":{"line":91,"column":9},"end":{"line":96,"column":3}},"type":"if","locations":[{"start":{"line":91,"column":9},"end":{"line":96,"column":3}},{"start":{"line":91,"column":9},"end":{"line":96,"column":3}}],"line":91},"4":{"loc":{"start":{"line":91,"column":13},"end":{"line":91,"column":50}},"type":"binary-expr","locations":[{"start":{"line":91,"column":13},"end":{"line":91,"column":41}},{"start":{"line":91,"column":45},"end":{"line":91,"column":50}}],"line":91},"5":{"loc":{"start":{"line":117,"column":9},"end":{"line":117,"column":48}},"type":"cond-expr","locations":[{"start":{"line":117,"column":27},"end":{"line":117,"column":31}},{"start":{"line":117,"column":34},"end":{"line":117,"column":48}}],"line":117},"6":{"loc":{"start":{"line":128,"column":9},"end":{"line":128,"column":74}},"type":"cond-expr","locations":[{"start":{"line":128,"column":35},"end":{"line":128,"column":39}},{"start":{"line":128,"column":42},"end":{"line":128,"column":74}}],"line":128},"7":{"loc":{"start":{"line":138,"column":2},"end":{"line":140,"column":3}},"type":"if","locations":[{"start":{"line":138,"column":2},"end":{"line":140,"column":3}},{"start":{"line":138,"column":2},"end":{"line":140,"column":3}}],"line":138},"8":{"loc":{"start":{"line":176,"column":2},"end":{"line":183,"column":3}},"type":"if","locations":[{"start":{"line":176,"column":2},"end":{"line":183,"column":3}},{"start":{"line":176,"column":2},"end":{"line":183,"column":3}}],"line":176},"9":{"loc":{"start":{"line":192,"column":2},"end":{"line":194,"column":3}},"type":"if","locations":[{"start":{"line":192,"column":2},"end":{"line":194,"column":3}},{"start":{"line":192,"column":2},"end":{"line":194,"column":3}}],"line":192},"10":{"loc":{"start":{"line":197,"column":2},"end":{"line":199,"column":3}},"type":"if","locations":[{"start":{"line":197,"column":2},"end":{"line":199,"column":3}},{"start":{"line":197,"column":2},"end":{"line":199,"column":3}}],"line":197},"11":{"loc":{"start":{"line":202,"column":2},"end":{"line":204,"column":3}},"type":"if","locations":[{"start":{"line":202,"column":2},"end":{"line":204,"column":3}},{"start":{"line":202,"column":2},"end":{"line":204,"column":3}}],"line":202},"12":{"loc":{"start":{"line":207,"column":2},"end":{"line":209,"column":3}},"type":"if","locations":[{"start":{"line":207,"column":2},"end":{"line":209,"column":3}},{"start":{"line":207,"column":2},"end":{"line":209,"column":3}}],"line":207},"13":{"loc":{"start":{"line":213,"column":2},"end":{"line":215,"column":3}},"type":"if","locations":[{"start":{"line":213,"column":2},"end":{"line":215,"column":3}},{"start":{"line":213,"column":2},"end":{"line":215,"column":3}}],"line":213},"14":{"loc":{"start":{"line":227,"column":2},"end":{"line":241,"column":3}},"type":"if","locations":[{"start":{"line":227,"column":2},"end":{"line":241,"column":3}},{"start":{"line":227,"column":2},"end":{"line":241,"column":3}}],"line":227},"15":{"loc":{"start":{"line":228,"column":4},"end":{"line":240,"column":5}},"type":"if","locations":[{"start":{"line":228,"column":4},"end":{"line":240,"column":5}},{"start":{"line":228,"column":4},"end":{"line":240,"column":5}}],"line":228},"16":{"loc":{"start":{"line":244,"column":2},"end":{"line":246,"column":3}},"type":"if","locations":[{"start":{"line":244,"column":2},"end":{"line":246,"column":3}},{"start":{"line":244,"column":2},"end":{"line":246,"column":3}}],"line":244},"17":{"loc":{"start":{"line":249,"column":2},"end":{"line":251,"column":3}},"type":"if","locations":[{"start":{"line":249,"column":2},"end":{"line":251,"column":3}},{"start":{"line":249,"column":2},"end":{"line":251,"column":3}}],"line":249}},"s":{"0":2,"1":2,"2":2,"3":2,"4":2,"5":61,"6":61,"7":12,"8":12,"9":48,"10":48,"11":7,"12":41,"13":41,"14":14,"15":14,"16":9,"17":5,"18":5,"19":0,"20":14,"21":14,"22":14,"23":16,"24":16,"25":15,"26":15,"27":36,"28":36,"29":10,"30":5,"31":10,"32":8,"33":8,"34":24,"35":8,"36":8,"37":0,"38":0,"39":0,"40":0,"41":0,"42":0,"43":0,"44":14,"45":0,"46":14,"47":2,"48":12,"49":3,"50":9,"51":5,"52":4,"53":3,"54":1,"55":8,"56":8,"57":2,"58":6,"59":8,"60":1,"61":8,"62":6,"63":8},"f":{"0":61,"1":12,"2":48,"3":14,"4":16,"5":15,"6":36,"7":10,"8":8,"9":24,"10":0,"11":0,"12":0,"13":14,"14":8},"b":{"0":[7,41],"1":[8],"2":[9,5],"3":[5,0],"4":[5,0],"5":[4,12],"6":[4,11],"7":[5,5],"8":[0,0],"9":[0,14],"10":[2,12],"11":[3,9],"12":[5,4],"13":[3,1],"14":[8,0],"15":[2,6],"16":[1,7],"17":[6,2]},"_coverageSchema":"1a1c01bbd47fc00a2c39e90264f33305004495a9","hash":"06f495e9fec42bf62e61cdf3574e70880b317a48"}
,"/Users/sikanderali/NHS/Common Components/cookie-consent/src/cookies.js": {"path":"/Users/sikanderali/NHS/Common Components/cookie-consent/src/cookies.js","statementMap":{"0":{"start":{"line":7,"column":2},"end":{"line":13,"column":3}},"1":{"start":{"line":8,"column":17},"end":{"line":8,"column":27}},"2":{"start":{"line":9,"column":4},"end":{"line":9,"column":64}},"3":{"start":{"line":10,"column":4},"end":{"line":10,"column":33}},"4":{"start":{"line":12,"column":4},"end":{"line":12,"column":17}},"5":{"start":{"line":16,"column":21},"end":{"line":16,"column":47}},"6":{"start":{"line":18,"column":2},"end":{"line":20,"column":3}},"7":{"start":{"line":19,"column":4},"end":{"line":19,"column":42}},"8":{"start":{"line":22,"column":2},"end":{"line":24,"column":3}},"9":{"start":{"line":23,"column":4},"end":{"line":23,"column":44}},"10":{"start":{"line":28,"column":2},"end":{"line":30,"column":3}},"11":{"start":{"line":29,"column":4},"end":{"line":29,"column":48}},"12":{"start":{"line":32,"column":2},"end":{"line":34,"column":3}},"13":{"start":{"line":33,"column":4},"end":{"line":33,"column":30}},"14":{"start":{"line":36,"column":2},"end":{"line":36,"column":22}},"15":{"start":{"line":39,"column":2},"end":{"line":39,"column":33}},"16":{"start":{"line":47,"column":24},"end":{"line":47,"column":45}},"17":{"start":{"line":48,"column":23},"end":{"line":50,"column":33}},"18":{"start":{"line":49,"column":22},"end":{"line":49,"column":35}},"19":{"start":{"line":50,"column":19},"end":{"line":50,"column":32}},"20":{"start":{"line":53,"column":18},"end":{"line":58,"column":8}},"21":{"start":{"line":54,"column":25},"end":{"line":54,"column":48}},"22":{"start":{"line":55,"column":25},"end":{"line":55,"column":50}},"23":{"start":{"line":56,"column":4},"end":{"line":56,"column":28}},"24":{"start":{"line":57,"column":4},"end":{"line":57,"column":15}},"25":{"start":{"line":60,"column":2},"end":{"line":60,"column":23}},"26":{"start":{"line":67,"column":18},"end":{"line":67,"column":33}},"27":{"start":{"line":68,"column":2},"end":{"line":68,"column":31}},"28":{"start":{"line":75,"column":18},"end":{"line":75,"column":33}},"29":{"start":{"line":76,"column":22},"end":{"line":76,"column":42}},"30":{"start":{"line":78,"column":30},"end":{"line":78,"column":89}},"31":{"start":{"line":78,"column":57},"end":{"line":78,"column":88}},"32":{"start":{"line":81,"column":22},"end":{"line":81,"column":57}},"33":{"start":{"line":82,"column":18},"end":{"line":84,"column":4}},"34":{"start":{"line":83,"column":4},"end":{"line":83,"column":42}},"35":{"start":{"line":87,"column":19},"end":{"line":87,"column":62}},"36":{"start":{"line":88,"column":20},"end":{"line":88,"column":39}},"37":{"start":{"line":89,"column":16},"end":{"line":91,"column":4}},"38":{"start":{"line":90,"column":4},"end":{"line":90,"column":54}},"39":{"start":{"line":94,"column":2},"end":{"line":100,"column":5}},"40":{"start":{"line":95,"column":4},"end":{"line":99,"column":7}},"41":{"start":{"line":96,"column":6},"end":{"line":98,"column":9}},"42":{"start":{"line":97,"column":8},"end":{"line":97,"column":55}}},"fnMap":{"0":{"name":"createCookie","decl":{"start":{"line":4,"column":16},"end":{"line":4,"column":28}},"loc":{"start":{"line":4,"column":70},"end":{"line":40,"column":1}},"line":4},"1":{"name":"getAllCookies","decl":{"start":{"line":46,"column":9},"end":{"line":46,"column":22}},"loc":{"start":{"line":46,"column":25},"end":{"line":61,"column":1}},"line":46},"2":{"name":"(anonymous_2)","decl":{"start":{"line":49,"column":12},"end":{"line":49,"column":13}},"loc":{"start":{"line":49,"column":22},"end":{"line":49,"column":35}},"line":49},"3":{"name":"(anonymous_3)","decl":{"start":{"line":50,"column":9},"end":{"line":50,"column":10}},"loc":{"start":{"line":50,"column":19},"end":{"line":50,"column":32}},"line":50},"4":{"name":"(anonymous_4)","decl":{"start":{"line":53,"column":38},"end":{"line":53,"column":39}},"loc":{"start":{"line":53,"column":61},"end":{"line":58,"column":3}},"line":53},"5":{"name":"getCookie","decl":{"start":{"line":66,"column":16},"end":{"line":66,"column":25}},"loc":{"start":{"line":66,"column":32},"end":{"line":69,"column":1}},"line":66},"6":{"name":"deleteCookies","decl":{"start":{"line":74,"column":16},"end":{"line":74,"column":29}},"loc":{"start":{"line":74,"column":32},"end":{"line":101,"column":1}},"line":74},"7":{"name":"(anonymous_7)","decl":{"start":{"line":78,"column":49},"end":{"line":78,"column":50}},"loc":{"start":{"line":78,"column":57},"end":{"line":78,"column":88}},"line":78},"8":{"name":"(anonymous_8)","decl":{"start":{"line":82,"column":34},"end":{"line":82,"column":35}},"loc":{"start":{"line":82,"column":53},"end":{"line":84,"column":3}},"line":82},"9":{"name":"(anonymous_9)","decl":{"start":{"line":89,"column":30},"end":{"line":89,"column":31}},"loc":{"start":{"line":89,"column":47},"end":{"line":91,"column":3}},"line":89},"10":{"name":"(anonymous_10)","decl":{"start":{"line":94,"column":30},"end":{"line":94,"column":31}},"loc":{"start":{"line":94,"column":46},"end":{"line":100,"column":3}},"line":94},"11":{"name":"(anonymous_11)","decl":{"start":{"line":95,"column":18},"end":{"line":95,"column":19}},"loc":{"start":{"line":95,"column":28},"end":{"line":99,"column":5}},"line":95},"12":{"name":"(anonymous_12)","decl":{"start":{"line":96,"column":22},"end":{"line":96,"column":23}},"loc":{"start":{"line":96,"column":34},"end":{"line":98,"column":7}},"line":96}},"branchMap":{"0":{"loc":{"start":{"line":7,"column":2},"end":{"line":13,"column":3}},"type":"if","locations":[{"start":{"line":7,"column":2},"end":{"line":13,"column":3}},{"start":{"line":7,"column":2},"end":{"line":13,"column":3}}],"line":7},"1":{"loc":{"start":{"line":18,"column":2},"end":{"line":20,"column":3}},"type":"if","locations":[{"start":{"line":18,"column":2},"end":{"line":20,"column":3}},{"start":{"line":18,"column":2},"end":{"line":20,"column":3}}],"line":18},"2":{"loc":{"start":{"line":22,"column":2},"end":{"line":24,"column":3}},"type":"if","locations":[{"start":{"line":22,"column":2},"end":{"line":24,"column":3}},{"start":{"line":22,"column":2},"end":{"line":24,"column":3}}],"line":22},"3":{"loc":{"start":{"line":28,"column":2},"end":{"line":30,"column":3}},"type":"if","locations":[{"start":{"line":28,"column":2},"end":{"line":30,"column":3}},{"start":{"line":28,"column":2},"end":{"line":30,"column":3}}],"line":28},"4":{"loc":{"start":{"line":28,"column":6},"end":{"line":28,"column":42}},"type":"binary-expr","locations":[{"start":{"line":28,"column":6},"end":{"line":28,"column":12}},{"start":{"line":28,"column":16},"end":{"line":28,"column":42}}],"line":28},"5":{"loc":{"start":{"line":32,"column":2},"end":{"line":34,"column":3}},"type":"if","locations":[{"start":{"line":32,"column":2},"end":{"line":34,"column":3}},{"start":{"line":32,"column":2},"end":{"line":34,"column":3}}],"line":32},"6":{"loc":{"start":{"line":47,"column":24},"end":{"line":47,"column":45}},"type":"binary-expr","locations":[{"start":{"line":47,"column":24},"end":{"line":47,"column":39}},{"start":{"line":47,"column":43},"end":{"line":47,"column":45}}],"line":47},"7":{"loc":{"start":{"line":60,"column":9},"end":{"line":60,"column":22}},"type":"binary-expr","locations":[{"start":{"line":60,"column":9},"end":{"line":60,"column":16}},{"start":{"line":60,"column":20},"end":{"line":60,"column":22}}],"line":60},"8":{"loc":{"start":{"line":68,"column":9},"end":{"line":68,"column":30}},"type":"binary-expr","locations":[{"start":{"line":68,"column":9},"end":{"line":68,"column":22}},{"start":{"line":68,"column":26},"end":{"line":68,"column":30}}],"line":68},"9":{"loc":{"start":{"line":90,"column":11},"end":{"line":90,"column":53}},"type":"binary-expr","locations":[{"start":{"line":90,"column":11},"end":{"line":90,"column":46}},{"start":{"line":90,"column":50},"end":{"line":90,"column":53}}],"line":90}},"s":{"0":25,"1":19,"2":19,"3":19,"4":6,"5":25,"6":25,"7":19,"8":25,"9":23,"10":25,"11":0,"12":25,"13":0,"14":25,"15":25,"16":70,"17":70,"18":74,"19":65,"20":70,"21":65,"22":65,"23":65,"24":65,"25":70,"26":64,"27":64,"28":6,"29":6,"30":6,"31":7,"32":6,"33":6,"34":6,"35":6,"36":6,"37":6,"38":24,"39":6,"40":3,"41":12,"42":12},"f":{"0":25,"1":70,"2":74,"3":65,"4":65,"5":64,"6":6,"7":7,"8":6,"9":24,"10":3,"11":12,"12":12},"b":{"0":[19,6],"1":[19,6],"2":[23,2],"3":[0,25],"4":[25,12],"5":[0,25],"6":[70,9],"7":[70,0],"8":[64,9],"9":[24,6]},"_coverageSchema":"1a1c01bbd47fc00a2c39e90264f33305004495a9","hash":"a5d1acd213f075a694222bde9fce1eb4414e27c4"}
,"/Users/sikanderali/NHS/Common Components/cookie-consent/src/enable.js": {"path":"/Users/sikanderali/NHS/Common Components/cookie-consent/src/enable.js","statementMap":{"0":{"start":{"line":6,"column":20},"end":{"line":6,"column":52}},"1":{"start":{"line":7,"column":2},"end":{"line":7,"column":31}},"2":{"start":{"line":8,"column":17},"end":{"line":8,"column":37}},"3":{"start":{"line":9,"column":2},"end":{"line":9,"column":52}},"4":{"start":{"line":10,"column":14},"end":{"line":10,"column":40}},"5":{"start":{"line":11,"column":2},"end":{"line":13,"column":3}},"6":{"start":{"line":12,"column":4},"end":{"line":12,"column":39}},"7":{"start":{"line":14,"column":2},"end":{"line":14,"column":41}},"8":{"start":{"line":15,"column":2},"end":{"line":15,"column":29}},"9":{"start":{"line":22,"column":14},"end":{"line":22,"column":45}},"10":{"start":{"line":23,"column":2},"end":{"line":23,"column":34}},"11":{"start":{"line":32,"column":29},"end":{"line":32,"column":62}},"12":{"start":{"line":33,"column":2},"end":{"line":38,"column":3}},"13":{"start":{"line":33,"column":15},"end":{"line":33,"column":16}},"14":{"start":{"line":34,"column":4},"end":{"line":37,"column":5}},"15":{"start":{"line":36,"column":6},"end":{"line":36,"column":19}},"16":{"start":{"line":39,"column":2},"end":{"line":39,"column":14}},"17":{"start":{"line":46,"column":18},"end":{"line":46,"column":73}},"18":{"start":{"line":48,"column":2},"end":{"line":53,"column":3}},"19":{"start":{"line":48,"column":15},"end":{"line":48,"column":16}},"20":{"start":{"line":49,"column":26},"end":{"line":49,"column":71}},"21":{"start":{"line":50,"column":4},"end":{"line":52,"column":5}},"22":{"start":{"line":51,"column":6},"end":{"line":51,"column":31}},"23":{"start":{"line":60,"column":18},"end":{"line":60,"column":73}},"24":{"start":{"line":62,"column":2},"end":{"line":67,"column":3}},"25":{"start":{"line":62,"column":15},"end":{"line":62,"column":16}},"26":{"start":{"line":63,"column":26},"end":{"line":63,"column":71}},"27":{"start":{"line":64,"column":4},"end":{"line":66,"column":5}},"28":{"start":{"line":65,"column":6},"end":{"line":65,"column":31}}},"fnMap":{"0":{"name":"enableScript","decl":{"start":{"line":5,"column":9},"end":{"line":5,"column":21}},"loc":{"start":{"line":5,"column":30},"end":{"line":16,"column":1}},"line":5},"1":{"name":"enableIframe","decl":{"start":{"line":21,"column":9},"end":{"line":21,"column":21}},"loc":{"start":{"line":21,"column":30},"end":{"line":24,"column":1}},"line":21},"2":{"name":"shouldEnable","decl":{"start":{"line":31,"column":9},"end":{"line":31,"column":21}},"loc":{"start":{"line":31,"column":65},"end":{"line":40,"column":1}},"line":31},"3":{"name":"enableScriptsByCategories","decl":{"start":{"line":45,"column":16},"end":{"line":45,"column":41}},"loc":{"start":{"line":45,"column":54},"end":{"line":54,"column":1}},"line":45},"4":{"name":"enableIframesByCategories","decl":{"start":{"line":59,"column":16},"end":{"line":59,"column":41}},"loc":{"start":{"line":59,"column":54},"end":{"line":68,"column":1}},"line":59}},"branchMap":{"0":{"loc":{"start":{"line":11,"column":2},"end":{"line":13,"column":3}},"type":"if","locations":[{"start":{"line":11,"column":2},"end":{"line":13,"column":3}},{"start":{"line":11,"column":2},"end":{"line":13,"column":3}}],"line":11},"1":{"loc":{"start":{"line":34,"column":4},"end":{"line":37,"column":5}},"type":"if","locations":[{"start":{"line":34,"column":4},"end":{"line":37,"column":5}},{"start":{"line":34,"column":4},"end":{"line":37,"column":5}}],"line":34},"2":{"loc":{"start":{"line":50,"column":4},"end":{"line":52,"column":5}},"type":"if","locations":[{"start":{"line":50,"column":4},"end":{"line":52,"column":5}},{"start":{"line":50,"column":4},"end":{"line":52,"column":5}}],"line":50},"3":{"loc":{"start":{"line":64,"column":4},"end":{"line":66,"column":5}},"type":"if","locations":[{"start":{"line":64,"column":4},"end":{"line":66,"column":5}},{"start":{"line":64,"column":4},"end":{"line":66,"column":5}}],"line":64}},"s":{"0":2,"1":2,"2":2,"3":2,"4":2,"5":2,"6":1,"7":2,"8":2,"9":1,"10":1,"11":15,"12":15,"13":15,"14":17,"15":4,"16":11,"17":13,"18":13,"19":13,"20":8,"21":8,"22":6,"23":12,"24":12,"25":12,"26":7,"27":7,"28":5},"f":{"0":2,"1":1,"2":15,"3":13,"4":12},"b":{"0":[1,1],"1":[4,13],"2":[6,2],"3":[5,2]},"_coverageSchema":"1a1c01bbd47fc00a2c39e90264f33305004495a9","hash":"2acb934c50c045d7af9dbbb06e0e34ce5206b189"}
,"/Users/sikanderali/NHS/Common Components/cookie-consent/src/main.js": {"path":"/Users/sikanderali/NHS/Common Components/cookie-consent/src/main.js","statementMap":{"0":{"start":{"line":7,"column":2},"end":{"line":7,"column":42}},"1":{"start":{"line":11,"column":2},"end":{"line":11,"column":41}},"2":{"start":{"line":15,"column":2},"end":{"line":15,"column":40}},"3":{"start":{"line":19,"column":2},"end":{"line":19,"column":40}},"4":{"start":{"line":23,"column":2},"end":{"line":23,"column":42}},"5":{"start":{"line":27,"column":2},"end":{"line":27,"column":41}},"6":{"start":{"line":31,"column":2},"end":{"line":31,"column":40}},"7":{"start":{"line":35,"column":2},"end":{"line":35,"column":40}},"8":{"start":{"line":43,"column":0},"end":{"line":58,"column":2}},"9":{"start":{"line":61,"column":0},"end":{"line":61,"column":52}}},"fnMap":{"0":{"name":"getPreferences","decl":{"start":{"line":6,"column":16},"end":{"line":6,"column":30}},"loc":{"start":{"line":6,"column":33},"end":{"line":8,"column":1}},"line":6},"1":{"name":"getStatistics","decl":{"start":{"line":10,"column":16},"end":{"line":10,"column":29}},"loc":{"start":{"line":10,"column":32},"end":{"line":12,"column":1}},"line":10},"2":{"name":"getMarketing","decl":{"start":{"line":14,"column":16},"end":{"line":14,"column":28}},"loc":{"start":{"line":14,"column":31},"end":{"line":16,"column":1}},"line":14},"3":{"name":"getConsented","decl":{"start":{"line":18,"column":16},"end":{"line":18,"column":28}},"loc":{"start":{"line":18,"column":31},"end":{"line":20,"column":1}},"line":18},"4":{"name":"setPreferences","decl":{"start":{"line":22,"column":16},"end":{"line":22,"column":30}},"loc":{"start":{"line":22,"column":38},"end":{"line":24,"column":1}},"line":22},"5":{"name":"setStatistics","decl":{"start":{"line":26,"column":16},"end":{"line":26,"column":29}},"loc":{"start":{"line":26,"column":37},"end":{"line":28,"column":1}},"line":26},"6":{"name":"setMarketing","decl":{"start":{"line":30,"column":16},"end":{"line":30,"column":28}},"loc":{"start":{"line":30,"column":36},"end":{"line":32,"column":1}},"line":30},"7":{"name":"setConsented","decl":{"start":{"line":34,"column":16},"end":{"line":34,"column":28}},"loc":{"start":{"line":34,"column":36},"end":{"line":36,"column":1}},"line":34}},"branchMap":{},"s":{"0":2,"1":2,"2":2,"3":0,"4":2,"5":2,"6":2,"7":0,"8":1,"9":1},"f":{"0":2,"1":2,"2":2,"3":0,"4":2,"5":2,"6":2,"7":0},"b":{},"_coverageSchema":"1a1c01bbd47fc00a2c39e90264f33305004495a9","hash":"6035d477700d3204931e3ea31bcd4af47953af3e"}
,"/Users/sikanderali/NHS/Common Components/cookie-consent/src/settings.js": {"path":"/Users/sikanderali/NHS/Common Components/cookie-consent/src/settings.js","statementMap":{"0":{"start":{"line":3,"column":18},"end":{"line":3,"column":40}},"1":{"start":{"line":7,"column":22},"end":{"line":7,"column":53}},"2":{"start":{"line":8,"column":2},"end":{"line":10,"column":3}},"3":{"start":{"line":9,"column":4},"end":{"line":9,"column":43}},"4":{"start":{"line":12,"column":2},"end":{"line":14,"column":3}},"5":{"start":{"line":13,"column":4},"end":{"line":13,"column":25}},"6":{"start":{"line":16,"column":2},"end":{"line":18,"column":3}},"7":{"start":{"line":17,"column":4},"end":{"line":17,"column":62}},"8":{"start":{"line":20,"column":2},"end":{"line":20,"column":23}},"9":{"start":{"line":29,"column":15},"end":{"line":29,"column":42}},"10":{"start":{"line":30,"column":2},"end":{"line":30,"column":18}},"11":{"start":{"line":31,"column":2},"end":{"line":31,"column":19}},"12":{"start":{"line":36,"column":20},"end":{"line":36,"column":52}},"13":{"start":{"line":37,"column":2},"end":{"line":39,"column":3}},"14":{"start":{"line":38,"column":4},"end":{"line":38,"column":20}},"15":{"start":{"line":41,"column":23},"end":{"line":41,"column":62}},"16":{"start":{"line":44,"column":2},"end":{"line":46,"column":3}},"17":{"start":{"line":45,"column":4},"end":{"line":45,"column":16}},"18":{"start":{"line":48,"column":2},"end":{"line":48,"column":18}}},"fnMap":{"0":{"name":"getPolicyUrl","decl":{"start":{"line":6,"column":16},"end":{"line":6,"column":28}},"loc":{"start":{"line":6,"column":31},"end":{"line":21,"column":1}},"line":6},"1":{"name":"makeUrlAbsolute","decl":{"start":{"line":26,"column":16},"end":{"line":26,"column":31}},"loc":{"start":{"line":26,"column":37},"end":{"line":32,"column":1}},"line":26},"2":{"name":"getNoBanner","decl":{"start":{"line":35,"column":16},"end":{"line":35,"column":27}},"loc":{"start":{"line":35,"column":30},"end":{"line":49,"column":1}},"line":35}},"branchMap":{"0":{"loc":{"start":{"line":8,"column":2},"end":{"line":10,"column":3}},"type":"if","locations":[{"start":{"line":8,"column":2},"end":{"line":10,"column":3}},{"start":{"line":8,"column":2},"end":{"line":10,"column":3}}],"line":8},"1":{"loc":{"start":{"line":12,"column":2},"end":{"line":14,"column":3}},"type":"if","locations":[{"start":{"line":12,"column":2},"end":{"line":14,"column":3}},{"start":{"line":12,"column":2},"end":{"line":14,"column":3}}],"line":12},"2":{"loc":{"start":{"line":16,"column":2},"end":{"line":18,"column":3}},"type":"if","locations":[{"start":{"line":16,"column":2},"end":{"line":18,"column":3}},{"start":{"line":16,"column":2},"end":{"line":18,"column":3}}],"line":16},"3":{"loc":{"start":{"line":37,"column":2},"end":{"line":39,"column":3}},"type":"if","locations":[{"start":{"line":37,"column":2},"end":{"line":39,"column":3}},{"start":{"line":37,"column":2},"end":{"line":39,"column":3}}],"line":37},"4":{"loc":{"start":{"line":44,"column":2},"end":{"line":46,"column":3}},"type":"if","locations":[{"start":{"line":44,"column":2},"end":{"line":46,"column":3}},{"start":{"line":44,"column":2},"end":{"line":46,"column":3}}],"line":44},"5":{"loc":{"start":{"line":44,"column":6},"end":{"line":44,"column":52}},"type":"binary-expr","locations":[{"start":{"line":44,"column":6},"end":{"line":44,"column":29}},{"start":{"line":44,"column":33},"end":{"line":44,"column":52}}],"line":44}},"s":{"0":3,"1":16,"2":16,"3":2,"4":16,"5":12,"6":4,"7":2,"8":4,"9":19,"10":19,"11":19,"12":18,"13":18,"14":15,"15":3,"16":3,"17":2,"18":1},"f":{"0":16,"1":19,"2":18},"b":{"0":[2,14],"1":[12,4],"2":[2,2],"3":[15,3],"4":[2,1],"5":[3,2]},"_coverageSchema":"1a1c01bbd47fc00a2c39e90264f33305004495a9","hash":"aa5eb4cc2df8c42107d524f09858db7eff18f2d1"}
}
