TN:
SF:src/banner.js
FN:4,hideCookieBanner
FN:8,showCookieConfirmation
FN:12,addFocusCookieConfirmation
FN:18,removeFocusCookieConfirmation
FN:20,(anonymous_4)
FN:29,handleLinkClick
FN:43,insertCookieBanner
FN:51,(anonymous_7)
FN:57,(anonymous_8)
FNF:9
FNH:0
FNDA:0,hideCookieBanner
FNDA:0,showCookieConfirmation
FNDA:0,addFocusCookieConfirmation
FNDA:0,removeFocusCookieConfirmation
FNDA:0,(anonymous_4)
FNDA:0,handleLinkClick
FNDA:0,insertCookieBanner
FNDA:0,(anonymous_7)
FNDA:0,(anonymous_8)
DA:5,0
DA:9,0
DA:13,0
DA:14,0
DA:15,0
DA:19,0
DA:20,0
DA:21,0
DA:30,0
DA:31,0
DA:32,0
DA:33,0
DA:34,0
DA:45,0
DA:46,0
DA:47,0
DA:48,0
DA:49,0
DA:51,0
DA:52,0
DA:53,0
DA:54,0
DA:57,0
DA:58,0
DA:59,0
DA:60,0
LF:26
LH:0
BRF:0
BRH:0
end_of_record
TN:
SF:src/cookieconsent.js
FN:46,getCookie
FN:55,createCookie
FN:63,getConsent
FN:83,setConsent
FN:115,getUserCookieVersion
FN:126,isValidVersion
FN:131,getConsentSetting
FN:137,setConsentSetting
FN:145,enableScriptsAndIframes
FN:148,(anonymous_9)
FN:155,acceptConsent
FN:163,acceptAnalyticsConsent
FN:175,hitLoggingUrl
FN:190,shouldShowBanner
FN:226,onload
FNF:15
FNH:12
FNDA:61,getCookie
FNDA:12,createCookie
FNDA:48,getConsent
FNDA:14,setConsent
FNDA:16,getUserCookieVersion
FNDA:15,isValidVersion
FNDA:36,getConsentSetting
FNDA:10,setConsentSetting
FNDA:8,enableScriptsAndIframes
FNDA:24,(anonymous_9)
FNDA:0,acceptConsent
FNDA:0,acceptAnalyticsConsent
FNDA:0,hitLoggingUrl
FNDA:14,shouldShowBanner
FNDA:8,onload
DA:11,2
DA:12,2
DA:19,2
DA:30,2
DA:34,2
DA:47,61
DA:48,61
DA:56,12
DA:57,12
DA:64,48
DA:65,48
DA:66,7
DA:68,41
DA:69,41
DA:84,14
DA:88,14
DA:90,9
DA:91,5
DA:92,5
DA:95,0
DA:98,14
DA:100,14
DA:108,14
DA:116,16
DA:117,16
DA:127,15
DA:128,15
DA:132,36
DA:134,36
DA:138,10
DA:139,5
DA:142,10
DA:146,8
DA:148,24
DA:150,8
DA:151,8
DA:156,0
DA:164,0
DA:168,0
DA:176,0
DA:177,0
DA:178,0
DA:182,0
DA:192,14
DA:193,0
DA:197,14
DA:198,2
DA:202,12
DA:203,3
DA:207,9
DA:208,5
DA:213,4
DA:214,3
DA:217,1
DA:227,8
DA:228,8
DA:230,2
DA:239,6
DA:244,8
DA:245,1
DA:249,8
DA:250,6
DA:253,8
LF:63
LH:54
BRDA:65,0,0,7
BRDA:65,0,1,41
BRDA:83,1,0,8
BRDA:88,2,0,9
BRDA:88,2,1,5
BRDA:91,3,0,5
BRDA:91,3,1,0
BRDA:91,4,0,5
BRDA:91,4,1,0
BRDA:117,5,0,4
BRDA:117,5,1,12
BRDA:128,6,0,4
BRDA:128,6,1,11
BRDA:138,7,0,5
BRDA:138,7,1,5
BRDA:176,8,0,0
BRDA:176,8,1,0
BRDA:192,9,0,0
BRDA:192,9,1,14
BRDA:197,10,0,2
BRDA:197,10,1,12
BRDA:202,11,0,3
BRDA:202,11,1,9
BRDA:207,12,0,5
BRDA:207,12,1,4
BRDA:213,13,0,3
BRDA:213,13,1,1
BRDA:227,14,0,8
BRDA:227,14,1,0
BRDA:228,15,0,2
BRDA:228,15,1,6
BRDA:244,16,0,1
BRDA:244,16,1,7
BRDA:249,17,0,6
BRDA:249,17,1,2
BRF:35
BRH:29
end_of_record
TN:
SF:src/cookies.js
FN:4,createCookie
FN:46,getAllCookies
FN:49,(anonymous_2)
FN:50,(anonymous_3)
FN:53,(anonymous_4)
FN:66,getCookie
FN:74,deleteCookies
FN:78,(anonymous_7)
FN:82,(anonymous_8)
FN:89,(anonymous_9)
FN:94,(anonymous_10)
FN:95,(anonymous_11)
FN:96,(anonymous_12)
FNF:13
FNH:13
FNDA:25,createCookie
FNDA:70,getAllCookies
FNDA:74,(anonymous_2)
FNDA:65,(anonymous_3)
FNDA:65,(anonymous_4)
FNDA:64,getCookie
FNDA:6,deleteCookies
FNDA:7,(anonymous_7)
FNDA:6,(anonymous_8)
FNDA:24,(anonymous_9)
FNDA:3,(anonymous_10)
FNDA:12,(anonymous_11)
FNDA:12,(anonymous_12)
DA:7,25
DA:8,19
DA:9,19
DA:10,19
DA:12,6
DA:16,25
DA:18,25
DA:19,19
DA:22,25
DA:23,23
DA:28,25
DA:29,0
DA:32,25
DA:33,0
DA:36,25
DA:39,25
DA:47,70
DA:48,70
DA:49,74
DA:50,65
DA:53,70
DA:54,65
DA:55,65
DA:56,65
DA:57,65
DA:60,70
DA:67,64
DA:68,64
DA:75,6
DA:76,6
DA:78,7
DA:81,6
DA:82,6
DA:83,6
DA:87,6
DA:88,6
DA:89,6
DA:90,24
DA:94,6
DA:95,3
DA:96,12
DA:97,12
LF:42
LH:40
BRDA:7,0,0,19
BRDA:7,0,1,6
BRDA:18,1,0,19
BRDA:18,1,1,6
BRDA:22,2,0,23
BRDA:22,2,1,2
BRDA:28,3,0,0
BRDA:28,3,1,25
BRDA:28,4,0,25
BRDA:28,4,1,12
BRDA:32,5,0,0
BRDA:32,5,1,25
BRDA:47,6,0,70
BRDA:47,6,1,9
BRDA:60,7,0,70
BRDA:60,7,1,0
BRDA:68,8,0,64
BRDA:68,8,1,9
BRDA:90,9,0,24
BRDA:90,9,1,6
BRF:20
BRH:17
end_of_record
TN:
SF:src/enable.js
FN:5,enableScript
FN:21,enableIframe
FN:31,shouldEnable
FN:45,enableScriptsByCategories
FN:59,enableIframesByCategories
FNF:5
FNH:5
FNDA:2,enableScript
FNDA:1,enableIframe
FNDA:15,shouldEnable
FNDA:13,enableScriptsByCategories
FNDA:12,enableIframesByCategories
DA:6,2
DA:7,2
DA:8,2
DA:9,2
DA:10,2
DA:11,2
DA:12,1
DA:14,2
DA:15,2
DA:22,1
DA:23,1
DA:32,15
DA:33,15
DA:34,17
DA:36,4
DA:39,11
DA:46,13
DA:48,13
DA:49,8
DA:50,8
DA:51,6
DA:60,12
DA:62,12
DA:63,7
DA:64,7
DA:65,5
LF:26
LH:26
BRDA:11,0,0,1
BRDA:11,0,1,1
BRDA:34,1,0,4
BRDA:34,1,1,13
BRDA:50,2,0,6
BRDA:50,2,1,2
BRDA:64,3,0,5
BRDA:64,3,1,2
BRF:8
BRH:8
end_of_record
TN:
SF:src/main.js
FN:6,getPreferences
FN:10,getStatistics
FN:14,getMarketing
FN:18,getConsented
FN:22,setPreferences
FN:26,setStatistics
FN:30,setMarketing
FN:34,setConsented
FNF:8
FNH:6
FNDA:2,getPreferences
FNDA:2,getStatistics
FNDA:2,getMarketing
FNDA:0,getConsented
FNDA:2,setPreferences
FNDA:2,setStatistics
FNDA:2,setMarketing
FNDA:0,setConsented
DA:7,2
DA:11,2
DA:15,2
DA:19,0
DA:23,2
DA:27,2
DA:31,2
DA:35,0
DA:43,1
DA:61,1
LF:10
LH:8
BRF:0
BRH:0
end_of_record
TN:
SF:src/settings.js
FN:6,getPolicyUrl
FN:26,makeUrlAbsolute
FN:35,getNoBanner
FNF:3
FNH:3
FNDA:16,getPolicyUrl
FNDA:19,makeUrlAbsolute
FNDA:18,getNoBanner
DA:3,3
DA:7,16
DA:8,16
DA:9,2
DA:12,16
DA:13,12
DA:16,4
DA:17,2
DA:20,4
DA:29,19
DA:30,19
DA:31,19
DA:36,18
DA:37,18
DA:38,15
DA:41,3
DA:44,3
DA:45,2
DA:48,1
LF:19
LH:19
BRDA:8,0,0,2
BRDA:8,0,1,14
BRDA:12,1,0,12
BRDA:12,1,1,4
BRDA:16,2,0,2
BRDA:16,2,1,2
BRDA:37,3,0,15
BRDA:37,3,1,3
BRDA:44,4,0,2
BRDA:44,4,1,1
BRDA:44,5,0,3
BRDA:44,5,1,2
BRF:12
BRH:12
end_of_record
